Flow report for SoCKitTop
Tue Feb 25 11:24:45 2020
Quartus Prime Version 16.1.0 Build 196 10/24/2016 SJ Lite Edition


---------------------
; Table of Contents ;
---------------------
  1. Legal Notice
  2. Flow Summary
  3. Flow Settings
  4. Flow Non-Default Global Settings
  5. Flow Elapsed Time
  6. Flow OS Summary
  7. Flow Log
  8. Flow Messages
  9. Flow Suppressed Messages



----------------
; Legal Notice ;
----------------
Copyright (C) 2016  Intel Corporation. All rights reserved.
Your use of Intel Corporation's design tools, logic functions 
and other software and tools, and its AMPP partner logic 
functions, and any output files from any of the foregoing 
(including device programming or simulation files), and any 
associated documentation or information are expressly subject 
to the terms and conditions of the Intel Program License 
Subscription Agreement, the Intel Quartus Prime License Agreement,
the Intel MegaCore Function License Agreement, or other 
applicable license agreement, including, without limitation, 
that your use is for the sole purpose of programming logic 
devices manufactured by Intel and sold by Intel or its 
authorized distributors.  Please refer to the applicable 
agreement for further details.



+-------------------------------------------------------------------------------+
; Flow Summary                                                                  ;
+---------------------------------+---------------------------------------------+
; Flow Status                     ; Successful - Tue Feb 25 11:24:36 2020       ;
; Quartus Prime Version           ; 16.1.0 Build 196 10/24/2016 SJ Lite Edition ;
; Revision Name                   ; SoCKitTop                                   ;
; Top-level Entity Name           ; SocKit_golden_top                           ;
; Family                          ; Cyclone V                                   ;
; Device                          ; 5CSXFC6D6F31C8ES                            ;
; Timing Models                   ; Preliminary                                 ;
; Logic utilization (in ALMs)     ; 154 / 41,910 ( < 1 % )                      ;
; Total registers                 ; 218                                         ;
; Total pins                      ; 82 / 499 ( 16 % )                           ;
; Total virtual pins              ; 0                                           ;
; Total block memory bits         ; 512 / 5,662,720 ( < 1 % )                   ;
; Total DSP Blocks                ; 0 / 112 ( 0 % )                             ;
; Total HSSI RX PCSs              ; 0 / 9 ( 0 % )                               ;
; Total HSSI PMA RX Deserializers ; 0 / 9 ( 0 % )                               ;
; Total HSSI TX PCSs              ; 0 / 9 ( 0 % )                               ;
; Total HSSI PMA TX Serializers   ; 0 / 9 ( 0 % )                               ;
; Total PLLs                      ; 0 / 15 ( 0 % )                              ;
; Total DLLs                      ; 0 / 4 ( 0 % )                               ;
+---------------------------------+---------------------------------------------+


+-----------------------------------------+
; Flow Settings                           ;
+-------------------+---------------------+
; Option            ; Setting             ;
+-------------------+---------------------+
; Start date & time ; 02/25/2020 11:23:18 ;
; Main task         ; Compilation         ;
; Revision Name     ; SoCKitTop           ;
+-------------------+---------------------+


+--------------------------------------------------------------------------------------------------------------------------+
; Flow Non-Default Global Settings                                                                                         ;
+-----------------------+-------------------------------------------------------+---------------+-------------+------------+
; Assignment Name       ; Value                                                 ; Default Value ; Entity Name ; Section Id ;
+-----------------------+-------------------------------------------------------+---------------+-------------+------------+
; COMPILER_SIGNATURE_ID ; 176527403836098.158262979821725                       ; --            ; --          ; --         ;
; MISC_FILE             ; SoC/synthesis/../SoC.cmp                              ; --            ; --          ; --         ;
; MISC_FILE             ; SoC/synthesis/../../SoC.qsys                          ; --            ; --          ; --         ;
; SLD_FILE              ; SoC/synthesis/SoC.regmap                              ; --            ; --          ; --         ;
; SLD_FILE              ; SoC/synthesis/SoC.debuginfo                           ; --            ; --          ; --         ;
; SLD_INFO              ; QSYS_NAME SoC HAS_SOPCINFO 1 GENERATION_ID 1582629795 ; --            ; SoC         ; --         ;
; SOPCINFO_FILE         ; SoC/synthesis/../../SoC.sopcinfo                      ; --            ; --          ; --         ;
; SYNTHESIS_ONLY_QIP    ; On                                                    ; --            ; --          ; --         ;
; TOP_LEVEL_ENTITY      ; SocKit_golden_top                                     ; SoCKitTop     ; --          ; --         ;
+-----------------------+-------------------------------------------------------+---------------+-------------+------------+


+-------------------------------------------------------------------------------------------------------------------------------+
; Flow Elapsed Time                                                                                                             ;
+---------------------------+--------------+-------------------------+---------------------+------------------------------------+
; Module Name               ; Elapsed Time ; Average Processors Used ; Peak Virtual Memory ; Total CPU Time (on all processors) ;
+---------------------------+--------------+-------------------------+---------------------+------------------------------------+
; Analysis & Synthesis      ; 00:00:23     ; 1.0                     ; 1097 MB             ; 00:00:49                           ;
; Fitter                    ; 00:00:44     ; 1.1                     ; 2210 MB             ; 00:01:23                           ;
; Assembler                 ; 00:00:07     ; 1.0                     ; 986 MB              ; 00:00:07                           ;
; TimeQuest Timing Analyzer ; 00:00:08     ; 1.1                     ; 1316 MB             ; 00:00:08                           ;
; Total                     ; 00:01:22     ; --                      ; --                  ; 00:02:27                           ;
+---------------------------+--------------+-------------------------+---------------------+------------------------------------+


+---------------------------------------------------------------------------------------------+
; Flow OS Summary                                                                             ;
+---------------------------+------------------+----------------+------------+----------------+
; Module Name               ; Machine Hostname ; OS Name        ; OS Version ; Processor type ;
+---------------------------+------------------+----------------+------------+----------------+
; Analysis & Synthesis      ; jonas-notebook   ; Ubuntu 18.04.4 ; 18         ; x86_64         ;
; Fitter                    ; jonas-notebook   ; Ubuntu 18.04.4 ; 18         ; x86_64         ;
; Assembler                 ; jonas-notebook   ; Ubuntu 18.04.4 ; 18         ; x86_64         ;
; TimeQuest Timing Analyzer ; jonas-notebook   ; Ubuntu 18.04.4 ; 18         ; x86_64         ;
+---------------------------+------------------+----------------+------------+----------------+


------------
; Flow Log ;
------------
quartus_map --read_settings_files=on --write_settings_files=off SoCKitTop -c SoCKitTop
quartus_fit --read_settings_files=off --write_settings_files=off SoCKitTop -c SoCKitTop
quartus_asm --read_settings_files=off --write_settings_files=off SoCKitTop -c SoCKitTop
quartus_sta SoCKitTop -c SoCKitTop



